#
# A fatal error has been detected by the Java Runtime Environment:
#
#  EXCEPTION_ACCESS_VIOLATION (0xc0000005) at pc=0x000000005e8081c5, pid=4452, tid=1060
#
# JRE version: Java(TM) SE Runtime Environment (8.0_51-b16) (build 1.8.0_51-b16)
# Java VM: Java HotSpot(TM) 64-Bit Server VM (25.51-b03 mixed mode windows-amd64 compressed oops)
# Problematic frame:
# V  [jvm.dll+0x1281c5]
#
# Failed to write core dump. Minidumps are not enabled by default on client versions of Windows
#
# If you would like to submit a bug report, please visit:
#   http://bugreport.java.com/bugreport/crash.jsp
#

---------------  T H R E A D  ---------------

Current thread (0x0000000057432000):  JavaThread "JDWP Transport Listener: dt_socket" daemon [_thread_in_vm, id=1060, stack(0x0000000058490000,0x0000000058590000)]

siginfo: ExceptionCode=0xc0000005, reading address 0xffffffffffffffff

Registers:
RAX=0x000000005858f801, RBX=0x0000000057432000, RCX=0x647055646c656946, RDX=0x0000000000000000
RSP=0x000000005858f810, RBP=0x647055646c656946, RSI=0x000000005858f928, RDI=0x000000000016e750
R8 =0x0000000057432000, R9 =0x000000000000ff00, R10=0x0000000000000000, R11=0x00e19dcf0c3204f3
R12=0x0000000000000000, R13=0x0000000057432d48, R14=0x0000000000000000, R15=0x0000000000000000
RIP=0x000000005e8081c5, EFLAGS=0x0000000000010202

Top of Stack: (sp=0x000000005858f810)
0x000000005858f810:   0000000057432000 0000000057432000
0x000000005858f820:   000000005858f8d8 000000005ea0c72b
0x000000005858f830:   0000000057432000 000000005ea28f8d
0x000000005858f840:   0000000000000000 0000000073879155
0x000000005858f850:   000000005bcacca8 000000007388291e
0x000000005858f860:   0000000057432000 0000000000000000
0x000000005858f870:   0000000000000000 0000000000000000
0x000000005858f880:   647055646c656946 0000000073881a15
0x000000005858f890:   000000005858f928 000000005858f900
0x000000005858f8a0:   0000000000000001 000000005bcacca8
0x000000005858f8b0:   647055646c656946 00000000738653b3
0x000000005858f8c0:   000000005858f9f0 0000000000000001
0x000000005858f8d0:   0000000000000001 000000005bcacca8
0x000000005858f8e0:   0000000000000001 0000000000000000
0x000000005858f8f0:   0000000000000000 0000000000000000
0x000000005858f900:   0000000000000001 0000000073865571 

Instructions: (pc=0x000000005e8081c5)
0x000000005e8081a5:   cc cc cc cc cc cc cc cc cc cc cc 48 83 ec 28 48
0x000000005e8081b5:   85 c9 75 07 33 c0 48 83 c4 28 c3 48 89 5c 24 20
0x000000005e8081c5:   48 8b 19 48 85 db 74 20 48 83 fb 37 74 1a 48 8b
0x000000005e8081d5:   13 48 8b cb ff 52 10 84 c0 74 0d 48 8b c3 48 8b 


Register to memory mapping:

RAX=0x000000005858f801 is pointing into the stack for thread: 0x0000000057432000
RBX=0x0000000057432000 is a thread
RCX=0x647055646c656946 is an unknown value
RDX=0x0000000000000000 is an unknown value
RSP=0x000000005858f810 is pointing into the stack for thread: 0x0000000057432000
RBP=0x647055646c656946 is an unknown value
RSI=0x000000005858f928 is pointing into the stack for thread: 0x0000000057432000
RDI=0x000000000016e750 is an unknown value
R8 =0x0000000057432000 is a thread
R9 =0x000000000000ff00 is an unknown value
R10=0x0000000000000000 is an unknown value
R11=0x00e19dcf0c3204f3 is an unknown value
R12=0x0000000000000000 is an unknown value
R13=0x0000000057432d48 is an unknown value
R14=0x0000000000000000 is an unknown value
R15=0x0000000000000000 is an unknown value


Stack: [0x0000000058490000,0x0000000058590000],  sp=0x000000005858f810,  free space=1022k
Native frames: (J=compiled Java code, j=interpreted, Vv=VM code, C=native code)
V  [jvm.dll+0x1281c5]
V  [jvm.dll+0x348f8d]
C  [jdwp.dll+0x21a15]
C  [jdwp.dll+0x53b3]
C  [jdwp.dll+0x5571]
C  [jdwp.dll+0xf0a8]
C  [jdwp.dll+0x1f2d5]
C  [jdwp.dll+0x1f4aa]
V  [jvm.dll+0x1bae78]
V  [jvm.dll+0x2418a4]
V  [jvm.dll+0x29846a]
C  [msvcr100.dll+0x21d9f]
C  [msvcr100.dll+0x21e3b]
C  [kernel32.dll+0x159cd]
C  [ntdll.dll+0x5383d]


---------------  P R O C E S S  ---------------

Java Threads: ( => current thread )
  0x000000005b108000 JavaThread "DestroyJavaVM" [_thread_blocked, id=8952, stack(0x0000000002640000,0x0000000002740000)]
  0x000000005b107000 JavaThread "http-nio-8080-AsyncTimeout" daemon [_thread_blocked, id=9368, stack(0x000000005f0e0000,0x000000005f1e0000)]
  0x000000005b106800 JavaThread "http-nio-8080-Acceptor-0" daemon [_thread_in_native, id=10264, stack(0x000000005f4a0000,0x000000005f5a0000)]
  0x000000005b105800 JavaThread "http-nio-8080-ClientPoller-1" daemon [_thread_in_native, id=6852, stack(0x000000005f8d0000,0x000000005f9d0000)]
  0x000000005b105000 JavaThread "http-nio-8080-ClientPoller-0" daemon [_thread_in_native, id=2756, stack(0x000000005f750000,0x000000005f850000)]
  0x000000005b104000 JavaThread "http-nio-8080-exec-10" daemon [_thread_blocked, id=10924, stack(0x000000005f5f0000,0x000000005f6f0000)]
  0x00000000590fd000 JavaThread "http-nio-8080-exec-9" daemon [_thread_blocked, id=296, stack(0x000000005f380000,0x000000005f480000)]
  0x00000000590fc800 JavaThread "http-nio-8080-exec-8" daemon [_thread_blocked, id=9304, stack(0x000000005f1f0000,0x000000005f2f0000)]
  0x00000000590fb800 JavaThread "http-nio-8080-exec-7" daemon [_thread_blocked, id=10588, stack(0x000000005efd0000,0x000000005f0d0000)]
  0x00000000590fb000 JavaThread "http-nio-8080-exec-6" daemon [_thread_blocked, id=9676, stack(0x000000005e2c0000,0x000000005e3c0000)]
  0x00000000590fa000 JavaThread "http-nio-8080-exec-5" daemon [_thread_blocked, id=6684, stack(0x000000005e550000,0x000000005e650000)]
  0x00000000590f9800 JavaThread "http-nio-8080-exec-4" daemon [_thread_blocked, id=5872, stack(0x000000005e3c0000,0x000000005e4c0000)]
  0x00000000590f8800 JavaThread "http-nio-8080-exec-3" daemon [_thread_blocked, id=10012, stack(0x000000005e190000,0x000000005e290000)]
  0x00000000590f8000 JavaThread "http-nio-8080-exec-2" daemon [_thread_blocked, id=9068, stack(0x000000005dfc0000,0x000000005e0c0000)]
  0x00000000590f7000 JavaThread "http-nio-8080-exec-1" daemon [_thread_blocked, id=9956, stack(0x000000005de00000,0x000000005df00000)]
  0x00000000590f6000 JavaThread "NioBlockingSelector.BlockPoller-1" daemon [_thread_in_native, id=9336, stack(0x000000005d0f0000,0x000000005d1f0000)]
  0x000000005b927000 JavaThread "HikariPool-1 housekeeper" daemon [_thread_blocked, id=10824, stack(0x000000005cdd0000,0x000000005ced0000)]
  0x000000005b85f000 JavaThread "Abandoned connection cleanup thread" daemon [_thread_blocked, id=8608, stack(0x000000005c360000,0x000000005c460000)]
  0x000000005b83e000 JavaThread "container-0" [_thread_blocked, id=9516, stack(0x000000005c8b0000,0x000000005c9b0000)]
  0x000000005b82e800 JavaThread "ContainerBackgroundProcessor[StandardEngine[Tomcat]]" daemon [_thread_blocked, id=10672, stack(0x000000005c780000,0x000000005c880000)]
  0x000000005922f000 JavaThread "RMI TCP Accept-0" daemon [_thread_in_native, id=7596, stack(0x0000000059f90000,0x000000005a090000)]
  0x0000000059226000 JavaThread "RMI TCP Accept-51338" daemon [_thread_in_native, id=10252, stack(0x0000000059e90000,0x0000000059f90000)]
  0x0000000059219000 JavaThread "RMI TCP Accept-0" daemon [_thread_in_native, id=9720, stack(0x0000000059c90000,0x0000000059d90000)]
  0x0000000058e66000 JavaThread "Service Thread" daemon [_thread_blocked, id=9312, stack(0x0000000058c20000,0x0000000058d20000)]
  0x0000000058e43000 JavaThread "C1 CompilerThread1" daemon [_thread_blocked, id=8156, stack(0x0000000059330000,0x0000000059430000)]
  0x0000000057448800 JavaThread "C2 CompilerThread0" daemon [_thread_blocked, id=9164, stack(0x0000000058a10000,0x0000000058b10000)]
  0x0000000057444800 JavaThread "JDWP Command Reader" daemon [_thread_in_native, id=10452, stack(0x0000000058d30000,0x0000000058e30000)]
  0x0000000057436000 JavaThread "JDWP Event Helper Thread" daemon [_thread_blocked, id=4144, stack(0x0000000058b10000,0x0000000058c10000)]
=>0x0000000057432000 JavaThread "JDWP Transport Listener: dt_socket" daemon [_thread_in_vm, id=1060, stack(0x0000000058490000,0x0000000058590000)]
  0x0000000057422800 JavaThread "Attach Listener" daemon [_thread_blocked, id=10444, stack(0x00000000585b0000,0x00000000586b0000)]
  0x0000000057421800 JavaThread "Signal Dispatcher" daemon [_thread_blocked, id=9180, stack(0x0000000057ea0000,0x0000000057fa0000)]
  0x00000000573c3800 JavaThread "Finalizer" daemon [_thread_blocked, id=9600, stack(0x0000000058370000,0x0000000058470000)]
  0x00000000573bd000 JavaThread "Reference Handler" daemon [_thread_blocked, id=1180, stack(0x00000000581b0000,0x00000000582b0000)]

Other Threads:
  0x00000000573b4800 VMThread [stack: 0x0000000057fc0000,0x00000000580c0000] [id=1436]
  0x00000000594af000 WatcherThread [stack: 0x0000000058840000,0x0000000058940000] [id=8620]

VM state:not at safepoint (normal execution)

VM Mutex/Monitor currently owned by a thread: None

Heap:
 PSYoungGen      total 172544K, used 92057K [0x00000000d6300000, 0x00000000e4f80000, 0x0000000100000000)
  eden space 157184K, 49% used [0x00000000d6300000,0x00000000dae4f358,0x00000000dfc80000)
  from space 15360K, 97% used [0x00000000dfc80000,0x00000000e0b17170,0x00000000e0b80000)
  to   space 16896K, 0% used [0x00000000e3f00000,0x00000000e3f00000,0x00000000e4f80000)
 ParOldGen       total 94720K, used 23715K [0x0000000082800000, 0x0000000088480000, 0x00000000d6300000)
  object space 94720K, 25% used [0x0000000082800000,0x0000000083f28f40,0x0000000088480000)
 Metaspace       used 49461K, capacity 51782K, committed 51968K, reserved 1093632K
  class space    used 6727K, capacity 7140K, committed 7168K, reserved 1048576K

Card table byte_map: [0x0000000011dd0000,0x00000000121c0000] byte_map_base: 0x00000000119bc000

Marking Bits: (ParMarkBitMap*) 0x000000005eee4040
 Begin Bits: [0x00000000127d0000, 0x0000000014730000)
 End Bits:   [0x0000000014730000, 0x0000000016690000)

Polling page: 0x0000000000150000

CodeCache: size=245760Kb used=8463Kb max_used=8463Kb free=237296Kb
 bounds [0x0000000002a10000, 0x0000000003260000, 0x0000000011a10000]
 total_blobs=4483 nmethods=3947 adapters=457
 compilation: enabled

Compilation events (10 events):
Event: 137.011 Thread 0x0000000058e43000 4010       1       org.apache.tomcat.util.net.NioEndpoint::access$100 (4 bytes)
Event: 137.012 Thread 0x0000000058e43000 nmethod 4010 0x00000000032546d0 code [0x0000000003254820, 0x0000000003254910]
Event: 141.012 Thread 0x0000000058e43000 4011       1       java.util.concurrent.atomic.AtomicLong::getAndSet (12 bytes)
Event: 141.012 Thread 0x0000000058e43000 nmethod 4011 0x0000000003254990 code [0x0000000003254ae0, 0x0000000003254bf0]
Event: 143.843 Thread 0x0000000058e43000 4012       1       org.apache.catalina.valves.ValveBase::getNext (5 bytes)
Event: 143.843 Thread 0x0000000058e43000 nmethod 4012 0x0000000003254c50 code [0x0000000003254da0, 0x0000000003254eb0]
Event: 146.012 Thread 0x0000000058e43000 4013       1       sun.nio.ch.SelectorImpl::keys (28 bytes)
Event: 146.012 Thread 0x0000000058e43000 nmethod 4013 0x0000000003254f10 code [0x0000000003255080, 0x0000000003255258]
Event: 153.012 Thread 0x0000000058e43000 4014       1       org.apache.tomcat.util.net.NioEndpoint::access$400 (5 bytes)
Event: 153.012 Thread 0x0000000058e43000 nmethod 4014 0x0000000003255390 code [0x00000000032554e0, 0x00000000032555d0]

GC Heap History (10 events):
Event: 3.274 GC heap before
{Heap before GC invocations=7 (full 1):
 PSYoungGen      total 70656K, used 70410K [0x00000000d6300000, 0x00000000ddb80000, 0x0000000100000000)
  eden space 65536K, 100% used [0x00000000d6300000,0x00000000da300000,0x00000000da300000)
  from space 5120K, 95% used [0x00000000da300000,0x00000000da7c2b90,0x00000000da800000)
  to   space 9216K, 0% used [0x00000000dd280000,0x00000000dd280000,0x00000000ddb80000)
 ParOldGen       total 55296K, used 5984K [0x0000000082800000, 0x0000000085e00000, 0x00000000d6300000)
  object space 55296K, 10% used [0x0000000082800000,0x0000000082dd81d0,0x0000000085e00000)
 Metaspace       used 25933K, capacity 27310K, committed 27520K, reserved 1073152K
  class space    used 3592K, capacity 3882K, committed 3968K, reserved 1048576K
Event: 3.291 GC heap after
Heap after GC invocations=7 (full 1):
 PSYoungGen      total 110080K, used 7653K [0x00000000d6300000, 0x00000000dda00000, 0x0000000100000000)
  eden space 102400K, 0% used [0x00000000d6300000,0x00000000d6300000,0x00000000dc700000)
  from space 7680K, 99% used [0x00000000dd280000,0x00000000dd9f94d0,0x00000000dda00000)
  to   space 9728K, 0% used [0x00000000dc700000,0x00000000dc700000,0x00000000dd080000)
 ParOldGen       total 55296K, used 5992K [0x0000000082800000, 0x0000000085e00000, 0x00000000d6300000)
  object space 55296K, 10% used [0x0000000082800000,0x0000000082dda1d0,0x0000000085e00000)
 Metaspace       used 25933K, capacity 27310K, committed 27520K, reserved 1073152K
  class space    used 3592K, capacity 3882K, committed 3968K, reserved 1048576K
}
Event: 4.503 GC heap before
{Heap before GC invocations=8 (full 1):
 PSYoungGen      total 110080K, used 110053K [0x00000000d6300000, 0x00000000dda00000, 0x0000000100000000)
  eden space 102400K, 100% used [0x00000000d6300000,0x00000000dc700000,0x00000000dc700000)
  from space 7680K, 99% used [0x00000000dd280000,0x00000000dd9f94d0,0x00000000dda00000)
  to   space 9728K, 0% used [0x00000000dc700000,0x00000000dc700000,0x00000000dd080000)
 ParOldGen       total 55296K, used 5992K [0x0000000082800000, 0x0000000085e00000, 0x00000000d6300000)
  object space 55296K, 10% used [0x0000000082800000,0x0000000082dda1d0,0x0000000085e00000)
 Metaspace       used 33127K, capacity 34648K, committed 35072K, reserved 1079296K
  class space    used 4447K, capacity 4767K, committed 4864K, reserved 1048576K
Event: 4.531 GC heap after
Heap after GC invocations=8 (full 1):
 PSYoungGen      total 112128K, used 9723K [0x00000000d6300000, 0x00000000e1a00000, 0x0000000100000000)
  eden space 102400K, 0% used [0x00000000d6300000,0x00000000d6300000,0x00000000dc700000)
  from space 9728K, 99% used [0x00000000dc700000,0x00000000dd07ed58,0x00000000dd080000)
  to   space 14848K, 0% used [0x00000000e0b80000,0x00000000e0b80000,0x00000000e1a00000)
 ParOldGen       total 55296K, used 14326K [0x0000000082800000, 0x0000000085e00000, 0x00000000d6300000)
  object space 55296K, 25% used [0x0000000082800000,0x00000000835fd8c8,0x0000000085e00000)
 Metaspace       used 33127K, capacity 34648K, committed 35072K, reserved 1079296K
  class space    used 4447K, capacity 4767K, committed 4864K, reserved 1048576K
}
Event: 4.621 GC heap before
{Heap before GC invocations=9 (full 1):
 PSYoungGen      total 112128K, used 18672K [0x00000000d6300000, 0x00000000e1a00000, 0x0000000100000000)
  eden space 102400K, 8% used [0x00000000d6300000,0x00000000d6bbd338,0x00000000dc700000)
  from space 9728K, 99% used [0x00000000dc700000,0x00000000dd07ed58,0x00000000dd080000)
  to   space 14848K, 0% used [0x00000000e0b80000,0x00000000e0b80000,0x00000000e1a00000)
 ParOldGen       total 55296K, used 14326K [0x0000000082800000, 0x0000000085e00000, 0x00000000d6300000)
  object space 55296K, 25% used [0x0000000082800000,0x00000000835fd8c8,0x0000000085e00000)
 Metaspace       used 33743K, capacity 35210K, committed 35456K, reserved 1079296K
  class space    used 4548K, capacity 4866K, committed 4992K, reserved 1048576K
Event: 4.642 GC heap after
Heap after GC invocations=9 (full 1):
 PSYoungGen      total 172032K, used 10543K [0x00000000d6300000, 0x00000000e2c00000, 0x0000000100000000)
  eden space 157184K, 0% used [0x00000000d6300000,0x00000000d6300000,0x00000000dfc80000)
  from space 14848K, 71% used [0x00000000e0b80000,0x00000000e15cbf30,0x00000000e1a00000)
  to   space 15360K, 0% used [0x00000000dfc80000,0x00000000dfc80000,0x00000000e0b80000)
 ParOldGen       total 55296K, used 14326K [0x0000000082800000, 0x0000000085e00000, 0x00000000d6300000)
  object space 55296K, 25% used [0x0000000082800000,0x00000000835fd8c8,0x0000000085e00000)
 Metaspace       used 33743K, capacity 35210K, committed 35456K, reserved 1079296K
  class space    used 4548K, capacity 4866K, committed 4992K, reserved 1048576K
}
Event: 4.642 GC heap before
{Heap before GC invocations=10 (full 2):
 PSYoungGen      total 172032K, used 10543K [0x00000000d6300000, 0x00000000e2c00000, 0x0000000100000000)
  eden space 157184K, 0% used [0x00000000d6300000,0x00000000d6300000,0x00000000dfc80000)
  from space 14848K, 71% used [0x00000000e0b80000,0x00000000e15cbf30,0x00000000e1a00000)
  to   space 15360K, 0% used [0x00000000dfc80000,0x00000000dfc80000,0x00000000e0b80000)
 ParOldGen       total 55296K, used 14326K [0x0000000082800000, 0x0000000085e00000, 0x00000000d6300000)
  object space 55296K, 25% used [0x0000000082800000,0x00000000835fd8c8,0x0000000085e00000)
 Metaspace       used 33743K, capacity 35210K, committed 35456K, reserved 1079296K
  class space    used 4548K, capacity 4866K, committed 4992K, reserved 1048576K
Event: 4.836 GC heap after
Heap after GC invocations=10 (full 2):
 PSYoungGen      total 172032K, used 0K [0x00000000d6300000, 0x00000000e2c00000, 0x0000000100000000)
  eden space 157184K, 0% used [0x00000000d6300000,0x00000000d6300000,0x00000000dfc80000)
  from space 14848K, 0% used [0x00000000e0b80000,0x00000000e0b80000,0x00000000e1a00000)
  to   space 15360K, 0% used [0x00000000dfc80000,0x00000000dfc80000,0x00000000e0b80000)
 ParOldGen       total 94720K, used 23707K [0x0000000082800000, 0x0000000088480000, 0x00000000d6300000)
  object space 94720K, 25% used [0x0000000082800000,0x0000000083f26f40,0x0000000088480000)
 Metaspace       used 33743K, capacity 35210K, committed 35456K, reserved 1079296K
  class space    used 4548K, capacity 4866K, committed 4992K, reserved 1048576K
}
Event: 6.820 GC heap before
{Heap before GC invocations=11 (full 2):
 PSYoungGen      total 172032K, used 157184K [0x00000000d6300000, 0x00000000e2c00000, 0x0000000100000000)
  eden space 157184K, 100% used [0x00000000d6300000,0x00000000dfc80000,0x00000000dfc80000)
  from space 14848K, 0% used [0x00000000e0b80000,0x00000000e0b80000,0x00000000e1a00000)
  to   space 15360K, 0% used [0x00000000dfc80000,0x00000000dfc80000,0x00000000e0b80000)
 ParOldGen       total 94720K, used 23707K [0x0000000082800000, 0x0000000088480000, 0x00000000d6300000)
  object space 94720K, 25% used [0x0000000082800000,0x0000000083f26f40,0x0000000088480000)
 Metaspace       used 44444K, capacity 46604K, committed 46720K, reserved 1089536K
  class space    used 6079K, capacity 6475K, committed 6528K, reserved 1048576K
Event: 6.863 GC heap after
Heap after GC invocations=11 (full 2):
 PSYoungGen      total 172544K, used 14940K [0x00000000d6300000, 0x00000000e4f80000, 0x0000000100000000)
  eden space 157184K, 0% used [0x00000000d6300000,0x00000000d6300000,0x00000000dfc80000)
  from space 15360K, 97% used [0x00000000dfc80000,0x00000000e0b17170,0x00000000e0b80000)
  to   space 16896K, 0% used [0x00000000e3f00000,0x00000000e3f00000,0x00000000e4f80000)
 ParOldGen       total 94720K, used 23715K [0x0000000082800000, 0x0000000088480000, 0x00000000d6300000)
  object space 94720K, 25% used [0x0000000082800000,0x0000000083f28f40,0x0000000088480000)
 Metaspace       used 44444K, capacity 46604K, committed 46720K, reserved 1089536K
  class space    used 6079K, capacity 6475K, committed 6528K, reserved 1048576K
}

Deoptimization events (0 events):
No events

Internal exceptions (10 events):
Event: 16.115 Thread 0x00000000590f7000 Exception <a 'java/lang/ClassNotFoundException': org/springframework/web/servlet/FlashMapManagerCustomizer> (0x00000000d92d6590) thrown at [C:\re\workspace\8-2-build-windows-amd64-cygwin\jdk8u51\3951\hotspot\src\share\vm\classfile\systemDictionary.cpp, linîÃVE‘<@
Event: 28.567 Thread 0x00000000590f7000 Exception <a 'java/lang/ArrayIndexOutOfBoundsException': 183> (0x00000000d97c8f10) thrown at [C:\re\workspace\8-2-build-windows-amd64-cygwin\jdk8u51\3951\hotspot\src\share\vm\interpreter\interpreterRuntime.cpp, line 366]
Event: 43.157 Thread 0x00000000590f7000 Exception <a 'java/lang/ArrayIndexOutOfBoundsException'> (0x00000000da4013a8) thrown at [C:\re\workspace\8-2-build-windows-amd64-cygwin\jdk8u51\3951\hotspot\src\share\vm\runtime\sharedRuntime.cpp, line 605]
Event: 43.157 Thread 0x00000000590f7000 Exception <a 'java/lang/ArrayIndexOutOfBoundsException'> (0x00000000da402848) thrown at [C:\re\workspace\8-2-build-windows-amd64-cygwin\jdk8u51\3951\hotspot\src\share\vm\runtime\sharedRuntime.cpp, line 605]
Event: 43.158 Thread 0x00000000590f7000 Exception <a 'java/lang/ArrayIndexOutOfBoundsException'> (0x00000000da40a940) thrown at [C:\re\workspace\8-2-build-windows-amd64-cygwin\jdk8u51\3951\hotspot\src\share\vm\runtime\sharedRuntime.cpp, line 605]
Event: 43.158 Thread 0x00000000590f7000 Exception <a 'java/lang/ArrayIndexOutOfBoundsException'> (0x00000000da40c118) thrown at [C:\re\workspace\8-2-build-windows-amd64-cygwin\jdk8u51\3951\hotspot\src\share\vm\runtime\sharedRuntime.cpp, line 605]
Event: 43.159 Thread 0x00000000590f7000 Exception <a 'java/lang/ArrayIndexOutOfBoundsException'> (0x00000000da495fb0) thrown at [C:\re\workspace\8-2-build-windows-amd64-cygwin\jdk8u51\3951\hotspot\src\share\vm\runtime\sharedRuntime.cpp, line 605]
Event: 43.320 Thread 0x00000000590f7000 Exception <a 'java/lang/ArrayIndexOutOfBoundsException'> (0x00000000daa30b90) thrown at [C:\re\workspace\8-2-build-windows-amd64-cygwin\jdk8u51\3951\hotspot\src\share\vm\runtime\sharedRuntime.cpp, line 605]
Event: 43.327 Thread 0x00000000590f7000 Exception <a 'java/lang/ArrayIndexOutOfBoundsException'> (0x00000000daa86610) thrown at [C:\re\workspace\8-2-build-windows-amd64-cygwin\jdk8u51\3951\hotspot\src\share\vm\runtime\sharedRuntime.cpp, line 605]
Event: 43.329 Thread 0x00000000590f7000 Exception <a 'java/lang/ArrayIndexOutOfBoundsException'> (0x00000000daa9d5c0) thrown at [C:\re\workspace\8-2-build-windows-amd64-cygwin\jdk8u51\3951\hotspot\src\share\vm\runtime\sharedRuntime.cpp, line 605]

Events (10 events):
Event: 63.838 Thread 0x000000005b82e800 DEOPT PACKING pc=0x0000000002c99aa4 sp=0x000000005c87dfb0
Event: 63.838 Thread 0x000000005b82e800 DEOPT UNPACKING pc=0x0000000002a571bf sp=0x000000005c87ddd0 mode 1
Event: 63.838 Thread 0x000000005b82e800 DEOPT PACKING pc=0x0000000002c999ec sp=0x000000005c87e140
Event: 63.838 Thread 0x000000005b82e800 DEOPT UNPACKING pc=0x0000000002a571bf sp=0x000000005c87df60 mode 1
Event: 156.053 Executing VM operation: ChangeBreakpoints
Event: 156.053 Executing VM operation: ChangeBreakpoints done
Event: 156.054 Executing VM operation: ChangeBreakpoints
Event: 156.054 Executing VM operation: ChangeBreakpoints done
Event: 156.132 Executing VM operation: RedefineClasses
Event: 156.159 Executing VM operation: RedefineClasses done


Dynamic libraries:
0x000000013fa90000 - 0x000000013fac7000 	C:\Program Files\Java\jre1.8.0_51\bin\javaw.exe
0x00000000779b0000 - 0x0000000077b4f000 	C:\Windows\SYSTEM32\ntdll.dll
0x00000000775e0000 - 0x00000000776ff000 	C:\Windows\system32\kernel32.dll
0x000007fefded0000 - 0x000007fefdf3a000 	C:\Windows\system32\KERNELBASE.dll
0x000007feffa80000 - 0x000007feffb5b000 	C:\Windows\system32\ADVAPI32.dll
0x000007feff8d0000 - 0x000007feff96f000 	C:\Windows\system32\msvcrt.dll
0x000007feffb60000 - 0x000007feffb7f000 	C:\Windows\SYSTEM32\sechost.dll
0x000007fefe600000 - 0x000007fefe72d000 	C:\Windows\system32\RPCRT4.dll
0x00000000774e0000 - 0x00000000775da000 	C:\Windows\system32\USER32.dll
0x000007fefe9f0000 - 0x000007fefea57000 	C:\Windows\system32\GDI32.dll
0x000007fefe540000 - 0x000007fefe54e000 	C:\Windows\system32\LPK.dll
0x000007feffbb0000 - 0x000007feffc7b000 	C:\Windows\system32\USP10.dll
0x000007fefc7c0000 - 0x000007fefc9b4000 	C:\Windows\WinSxS\amd64_microsoft.windows.common-controls_6595b64144ccf1df_6.0.7601.17514_none_fa396087175ac9ac\COMCTL32.dll
0x000007fefea60000 - 0x000007fefead1000 	C:\Windows\system32\SHLWAPI.dll
0x000007feffb80000 - 0x000007feffbae000 	C:\Windows\system32\IMM32.DLL
0x000007feff970000 - 0x000007feffa79000 	C:\Windows\system32\MSCTF.dll
0x000007fef58e0000 - 0x000007fef598f000 	C:\Program Files\McAfee\Endpoint Security\Threat Prevention\Ips\EpMPApi.dll
0x000007fefe190000 - 0x000007fefe1cb000 	C:\Windows\system32\WINTRUST.dll
0x000007fefdfe0000 - 0x000007fefe14d000 	C:\Windows\system32\CRYPT32.dll
0x000007fefdea0000 - 0x000007fefdeaf000 	C:\Windows\system32\MSASN1.dll
0x0000000071c80000 - 0x0000000071c8c000 	C:\Program Files\McAfee\Endpoint Security\Threat Prevention\Ips\EpMPThe.dll
0x0000000060e00000 - 0x0000000060ed2000 	C:\Program Files\Java\jre1.8.0_51\bin\msvcr100.dll
0x000000005e6e0000 - 0x000000005ef63000 	C:\Program Files\Java\jre1.8.0_51\bin\server\jvm.dll
0x000007fef8fb0000 - 0x000007fef8fb9000 	C:\Windows\system32\WSOCK32.dll
0x000007fefe4f0000 - 0x000007fefe53d000 	C:\Windows\system32\WS2_32.dll
0x000007fefe5f0000 - 0x000007fefe5f8000 	C:\Windows\system32\NSI.dll
0x000007fefb950000 - 0x000007fefb98b000 	C:\Windows\system32\WINMM.dll
0x000007fefd0a0000 - 0x000007fefd0ac000 	C:\Windows\system32\VERSION.dll
0x0000000077b50000 - 0x0000000077b57000 	C:\Windows\system32\PSAPI.DLL
0x0000000074160000 - 0x000000007416f000 	C:\Program Files\Java\jre1.8.0_51\bin\verify.dll
0x000000006f690000 - 0x000000006f6b9000 	C:\Program Files\Java\jre1.8.0_51\bin\java.dll
0x0000000073860000 - 0x0000000073895000 	C:\Program Files\Java\jre1.8.0_51\bin\jdwp.dll
0x00000000738d0000 - 0x00000000738d8000 	C:\Program Files\Java\jre1.8.0_51\bin\npt.dll
0x0000000072280000 - 0x0000000072296000 	C:\Program Files\Java\jre1.8.0_51\bin\zip.dll
0x000007fefeae0000 - 0x000007feff86b000 	C:\Windows\system32\SHELL32.dll
0x000007fefe270000 - 0x000007fefe46d000 	C:\Windows\system32\ole32.dll
0x000007fefde00000 - 0x000007fefde0f000 	C:\Windows\system32\profapi.dll
0x0000000074170000 - 0x0000000074179000 	C:\Program Files\Java\jre1.8.0_51\bin\dt_socket.dll
0x000007fefbb50000 - 0x000007fefbb65000 	C:\Windows\system32\NLAapi.dll
0x000007fefac60000 - 0x000007fefac75000 	C:\Windows\system32\napinsp.dll
0x000007fefac80000 - 0x000007fefac99000 	C:\Windows\system32\pnrpnsp.dll
0x000007fefd620000 - 0x000007fefd675000 	C:\Windows\System32\mswsock.dll
0x000007fefd4a0000 - 0x000007fefd4fb000 	C:\Windows\system32\DNSAPI.dll
0x000007fefac50000 - 0x000007fefac5b000 	C:\Windows\System32\winrnr.dll
0x00000000003d0000 - 0x0000000000404000 	C:\Windows\system32\vFVPNActNsp.dll
0x0000000000430000 - 0x000000000044e000 	C:\Windows\system32\vFVPNNspSd.dll
0x000007fefb2d0000 - 0x000007fefb2f7000 	C:\Windows\system32\Iphlpapi.DLL
0x000007fefb2c0000 - 0x000007fefb2cb000 	C:\Windows\system32\WINNSI.DLL
0x000007fefb180000 - 0x000007fefb1d3000 	C:\Windows\System32\fwpuclnt.dll
0x000007fefacd0000 - 0x000007fefacd8000 	C:\Windows\system32\rasadhlp.dll
0x000007fefcc90000 - 0x000007fefcc97000 	C:\Windows\System32\wshtcpip.dll
0x0000000072270000 - 0x000000007227d000 	C:\Program Files\Java\jre1.8.0_51\bin\management.dll
0x0000000072230000 - 0x000000007224a000 	C:\Program Files\Java\jre1.8.0_51\bin\net.dll
0x000007fefd610000 - 0x000007fefd617000 	C:\Windows\System32\wship6.dll
0x0000000070100000 - 0x0000000070111000 	C:\Program Files\Java\jre1.8.0_51\bin\nio.dll
0x000007fefd680000 - 0x000007fefd698000 	C:\Windows\system32\CRYPTSP.dll
0x000007fefd380000 - 0x000007fefd3c7000 	C:\Windows\system32\rsaenh.dll
0x000007fefcdb0000 - 0x000007fefcdce000 	C:\Windows\system32\USERENV.dll
0x000007fefdd30000 - 0x000007fefdd3f000 	C:\Windows\system32\CRYPTBASE.dll
0x000007fefb150000 - 0x000007fefb161000 	C:\Windows\system32\dhcpcsvc6.DLL
0x000007fefb130000 - 0x000007fefb148000 	C:\Windows\system32\dhcpcsvc.DLL
0x000007fef7ad0000 - 0x000007fef7bf5000 	C:\Windows\system32\dbghelp.dll

VM Arguments:
jvm_args: -agentlib:jdwp=transport=dt_socket,suspend=y,address=localhost:51339 -Dcom.sun.management.jmxremote -Dcom.sun.management.jmxremote.port=51338 -Dcom.sun.management.jmxremote.authenticate=false -Dcom.sun.management.jmxremote.ssl=false -Djava.rmi.server.hostname=localhost -Dspring.liveBeansView.mbeanDomain -Dspring.application.admin.enabled=true -Xverify:none -XX:TieredStopAtLevel=1 -Dfile.encoding=UTF-8 
java_command: com.rahul.demo.SpringbootrestApplication --spring.output.ansi.enabled=always
java_class_path (initial): D:\SpringBootWorkspace\springbootrest\target\classes;C:\Users\fwin01617\.m2\repository\javax\ws\rs\javax.ws.rs-api\2.0.1\javax.ws.rs-api-2.0.1.jar;C:\Users\fwin01617\.m2\repository\org\springframework\boot\spring-boot-starter-web\2.0.6.RELEASE\spring-boot-starter-web-2.0.6.RELEASE.jar;C:\Users\fwin01617\.m2\repository\org\springframework\boot\spring-boot-starter\2.0.6.RELEASE\spring-boot-starter-2.0.6.RELEASE.jar;C:\Users\fwin01617\.m2\repository\org\springframework\boot\spring-boot\2.0.6.RELEASE\spring-boot-2.0.6.RELEASE.jar;C:\Users\fwin01617\.m2\repository\org\springframework\boot\spring-boot-autoconfigure\2.0.6.RELEASE\spring-boot-autoconfigure-2.0.6.RELEASE.jar;C:\Users\fwin01617\.m2\repository\org\springframework\boot\spring-boot-starter-logging\2.0.6.RELEASE\spring-boot-starter-logging-2.0.6.RELEASE.jar;C:\Users\fwin01617\.m2\repository\ch\qos\logback\logback-classic\1.2.3\logback-classic-1.2.3.jar;C:\Users\fwin01617\.m2\repository\ch\qos\logback\logback-core\1.2.3\logback-core-1.2.3.jar;C:\Users\fwin01617\.m2\repository\org\apache\logging\log4j\log4j-to-slf4j\2.10.0\log4j-to-slf4j-2.10.0.jar;C:\Users\fwin01617\.m2\repository\org\apache\logging\log4j\log4j-api\2.10.0\log4j-api-2.10.0.jar;C:\Users\fwin01617\.m2\repository\org\slf4j\jul-to-slf4j\1.7.25\jul-to-slf4j-1.7.25.jar;C:\Users\fwin01617\.m2\repository\javax\annotation\javax.annotation-api\1.3.2\javax.annotation-api-1.3.2.jar;C:\Users\fwin01617\.m2\repository\org\yaml\snakeyaml\1.19\snakeyaml-1.19.jar;C:\Users\fwin01617\.m2\repository\org\springframework\boot\spring-boot-starter-json\2.0.6.RELEASE\spring-boot-starter-json-2.0.6.RELEASE.jar;C:\Users\fwin01617\.m2\repository\com\fasterxml\jackson\core\jackson-databind\2.9.7\jackson-databind-2.9.7.jar;C:\Users\fwin01617\.m2\repository\com\fasterxml\jackson\core\jackson-annotations\2.9.0\jackson-annotations-2.9.0.jar;C:\Users\fwin01617\.m2\repository\com\fasterxml\jackson\core\jackson-core\2.9.7\jackson-core-2.9.7.jar;C:\Users\fw
Launcher Type: SUN_STANDARD

Environment Variables:
JAVA_HOME=C:\Program Files\Java\jdk1.8.0_51
CLASSPATH=.;C:\Program Files\Java\jdk1.8.0_51\bin
PATH=C:/Program Files/Java/jre1.8.0_51/bin/server;C:/Program Files/Java/jre1.8.0_51/bin;C:/Program Files/Java/jre1.8.0_51/lib/amd64;C:\ProgramData\Oracle\Java\javapath;C:\Windows\system32;C:\Windows;C:\Windows\System32\Wbem;C:\Windows\System32\WindowsPowerShell\v1.0\;C:\Program Files (x86)\QuickTime\QTSystem\;C:\Program Files\TortoiseSVN\bin;C:\Program Files\Microsoft SQL Server\110\Tools\Binn\;C:\Program Files (x86)\Microsoft SQL Server\110\Tools\Binn\ManagementStudio\;C:\Program Files (x86)\Microsoft SQL Server\110\Tools\Binn\;C:\Program Files (x86)\Microsoft SQL Server\110\DTS\Binn\;C:\Program Files\Java\jdk1.8.0_51\bin;C:\Program Files (x86)\Skype\Phone\;C:\Program Files\nodejs\;C:\Program Files\Apache Software Foundation\apache-maven-3.5.3\bin;C:\Program Files (x86)\Git\cmd;C:\Program Files (x86)\Microsoft SQL Server\100\Tools\Binn\;C:\Program Files\Microsoft SQL Server\100\Tools\Binn\;C:\Program Files\Microsoft SQL Server\100\DTS\Binn\;C:\Program Files\MySQL\MySQL Server 5.0\bin\bin\bin;C:\Program Files\PuTTY\;C:\Users\fwin01617\AppData\Roaming\npm;C:\Program Files\Microsoft VS Code\bin;C:\Program Files\Docker Toolbox;D:\sts-bundle\sts-3.9.6.RELEASE;
USERNAME=FWIN01617
OS=Windows_NT
PROCESSOR_IDENTIFIER=Intel64 Family 6 Model 23 Stepping 10, GenuineIntel



---------------  S Y S T E M  ---------------

OS: Windows 7 , 64 bit Build 7601 (6.1.7601.24094)

CPU:total 2 (2 cores per cpu, 1 threads per core) family 6 model 23 stepping 10, cmov, cx8, fxsr, mmx, sse, sse2, sse3, ssse3, sse4.1, tsc

Memory: 4k page, physical 8220276k(1214572k free), swap 16438676k(6607892k free)

vm_info: Java HotSpot(TM) 64-Bit Server VM (25.51-b03) for windows-amd64 JRE (1.8.0_51-b16), built on Jun  8 2015 18:03:07 by "java_re" with MS VC++ 10.0 (VS2010)

time: Thu Oct 25 10:20:20 2018
elapsed time: 156 seconds (0d 0h 2m 36s)

