#
# A fatal error has been detected by the Java Runtime Environment:
#
#  EXCEPTION_ACCESS_VIOLATION (0xc0000005) at pc=0x000000005e8081c5, pid=9204, tid=11152
#
# JRE version: Java(TM) SE Runtime Environment (8.0_51-b16) (build 1.8.0_51-b16)
# Java VM: Java HotSpot(TM) 64-Bit Server VM (25.51-b03 mixed mode windows-amd64 compressed oops)
# Problematic frame:
# V  [jvm.dll+0x1281c5]
#
# Failed to write core dump. Minidumps are not enabled by default on client versions of Windows
#
# If you would like to submit a bug report, please visit:
#   http://bugreport.java.com/bugreport/crash.jsp
#

---------------  T H R E A D  ---------------

Current thread (0x000000001731f000):  JavaThread "JDWP Transport Listener: dt_socket" daemon [_thread_in_vm, id=11152, stack(0x0000000018770000,0x0000000018870000)]

siginfo: ExceptionCode=0xc0000005, reading address 0xffffffffffffffff

Registers:
RAX=0x000000001886f701, RBX=0x000000001731f000, RCX=0x726177416e696769, RDX=0x0000000000000000
RSP=0x000000001886f790, RBP=0x726177416e696769, RSI=0x000000001886f8a8, RDI=0x0000000001bbe750
R8 =0x000000001731f000, R9 =0x000000000000ff00, R10=0x634c3c7473694c2f, R11=0x000017b102a50111
R12=0x0000000000000000, R13=0x000000001731ff28, R14=0x0000000000000000, R15=0x0000000000000000
RIP=0x000000005e8081c5, EFLAGS=0x0000000000010206

Top of Stack: (sp=0x000000001886f790)
0x000000001886f790:   000000001731f000 000000001731f000
0x000000001886f7a0:   000000001886f858 000000005ea0c72b
0x000000001886f7b0:   000000001731f000 000000005ea28f8d
0x000000001886f7c0:   000000000000003d 0000000073849155
0x000000001886f7d0:   000000001bb4b218 000000007385291e
0x000000001886f7e0:   000000001731f000 0000000000000000
0x000000001886f7f0:   0000000000000000 0000000000000000
0x000000001886f800:   726177416e696769 0000000073851a15
0x000000001886f810:   000000001886f8a8 000000001886f880
0x000000001886f820:   0000000000000001 000000001bb4b218
0x000000001886f830:   726177416e696769 00000000738353b3
0x000000001886f840:   000000001886f970 0000000000000001
0x000000001886f850:   0000000000000001 000000001bb4b218
0x000000001886f860:   0000000000000001 0000000000000000
0x000000001886f870:   0000000000000000 0000000000000000
0x000000001886f880:   0000000000000001 0000000073835571 

Instructions: (pc=0x000000005e8081c5)
0x000000005e8081a5:   cc cc cc cc cc cc cc cc cc cc cc 48 83 ec 28 48
0x000000005e8081b5:   85 c9 75 07 33 c0 48 83 c4 28 c3 48 89 5c 24 20
0x000000005e8081c5:   48 8b 19 48 85 db 74 20 48 83 fb 37 74 1a 48 8b
0x000000005e8081d5:   13 48 8b cb ff 52 10 84 c0 74 0d 48 8b c3 48 8b 


Register to memory mapping:

RAX=0x000000001886f701 is pointing into the stack for thread: 0x000000001731f000
RBX=0x000000001731f000 is a thread
RCX=0x726177416e696769 is an unknown value
RDX=0x0000000000000000 is an unknown value
RSP=0x000000001886f790 is pointing into the stack for thread: 0x000000001731f000
RBP=0x726177416e696769 is an unknown value
RSI=0x000000001886f8a8 is pointing into the stack for thread: 0x000000001731f000
RDI=0x0000000001bbe750 is an unknown value
R8 =0x000000001731f000 is a thread
R9 =0x000000000000ff00 is an unknown value
R10=0x634c3c7473694c2f is an unknown value
R11=0x000017b102a50111 is an unknown value
R12=0x0000000000000000 is an unknown value
R13=0x000000001731ff28 is an unknown value
R14=0x0000000000000000 is an unknown value
R15=0x0000000000000000 is an unknown value


Stack: [0x0000000018770000,0x0000000018870000],  sp=0x000000001886f790,  free space=1021k
Native frames: (J=compiled Java code, j=interpreted, Vv=VM code, C=native code)
V  [jvm.dll+0x1281c5]
V  [jvm.dll+0x348f8d]
C  [jdwp.dll+0x21a15]
C  [jdwp.dll+0x53b3]
C  [jdwp.dll+0x5571]
C  [jdwp.dll+0xf0a8]
C  [jdwp.dll+0x1f2d5]
C  [jdwp.dll+0x1f4aa]
V  [jvm.dll+0x1bae78]
V  [jvm.dll+0x2418a4]
V  [jvm.dll+0x29846a]
C  [msvcr100.dll+0x21d9f]
C  [msvcr100.dll+0x21e3b]
C  [kernel32.dll+0x159cd]
C  [ntdll.dll+0x5383d]


---------------  P R O C E S S  ---------------

Java Threads: ( => current thread )
  0x000000001afd6000 JavaThread "DestroyJavaVM" [_thread_blocked, id=4868, stack(0x00000000024d0000,0x00000000025d0000)]
  0x000000001afd5800 JavaThread "http-nio-8080-AsyncTimeout" daemon [_thread_blocked, id=5568, stack(0x000000001eff0000,0x000000001f0f0000)]
  0x000000001afd4800 JavaThread "http-nio-8080-Acceptor-0" daemon [_thread_in_native, id=9092, stack(0x000000001ee90000,0x000000001ef90000)]
  0x000000001afd4000 JavaThread "http-nio-8080-ClientPoller-1" daemon [_thread_in_native, id=9756, stack(0x000000001ed00000,0x000000001ee00000)]
  0x000000001afd3000 JavaThread "http-nio-8080-ClientPoller-0" daemon [_thread_in_native, id=7400, stack(0x000000001ec00000,0x000000001ed00000)]
  0x000000001afd2000 JavaThread "http-nio-8080-exec-10" daemon [_thread_blocked, id=10056, stack(0x000000001eab0000,0x000000001ebb0000)]
  0x0000000018fd3800 JavaThread "http-nio-8080-exec-9" daemon [_thread_blocked, id=6488, stack(0x000000001e8e0000,0x000000001e9e0000)]
  0x0000000018fd2800 JavaThread "http-nio-8080-exec-8" daemon [_thread_blocked, id=8712, stack(0x000000001e700000,0x000000001e800000)]
  0x0000000018fd2000 JavaThread "http-nio-8080-exec-7" daemon [_thread_blocked, id=9252, stack(0x000000001e3a0000,0x000000001e4a0000)]
  0x0000000018fd1000 JavaThread "http-nio-8080-exec-6" daemon [_thread_blocked, id=10496, stack(0x000000001e5c0000,0x000000001e6c0000)]
  0x0000000018fd0800 JavaThread "http-nio-8080-exec-5" daemon [_thread_blocked, id=10624, stack(0x000000001e4c0000,0x000000001e5c0000)]
  0x0000000018fcf800 JavaThread "http-nio-8080-exec-4" daemon [_thread_blocked, id=9060, stack(0x000000001dd60000,0x000000001de60000)]
  0x0000000018fcf000 JavaThread "http-nio-8080-exec-3" daemon [_thread_blocked, id=9452, stack(0x000000001e250000,0x000000001e350000)]
  0x0000000018fce000 JavaThread "http-nio-8080-exec-2" daemon [_thread_blocked, id=8116, stack(0x000000001e070000,0x000000001e170000)]
  0x0000000018fcd800 JavaThread "http-nio-8080-exec-1" daemon [_thread_blocked, id=10100, stack(0x000000001de70000,0x000000001df70000)]
  0x0000000018fcc800 JavaThread "NioBlockingSelector.BlockPoller-1" daemon [_thread_in_native, id=7940, stack(0x000000001dc50000,0x000000001dd50000)]
  0x000000001b80b000 JavaThread "HikariPool-1 housekeeper" daemon [_thread_blocked, id=11076, stack(0x000000001cf20000,0x000000001d020000)]
  0x000000001b71c000 JavaThread "Abandoned connection cleanup thread" daemon [_thread_blocked, id=7480, stack(0x000000001c880000,0x000000001c980000)]
  0x000000001b6ef000 JavaThread "container-0" [_thread_blocked, id=10208, stack(0x000000001c760000,0x000000001c860000)]
  0x000000001b6dd000 JavaThread "ContainerBackgroundProcessor[StandardEngine[Tomcat]]" daemon [_thread_blocked, id=1372, stack(0x000000001c5e0000,0x000000001c6e0000)]
  0x000000001935d800 JavaThread "RMI TCP Accept-0" daemon [_thread_in_native, id=10224, stack(0x0000000019e60000,0x0000000019f60000)]
  0x000000001935a800 JavaThread "RMI TCP Accept-55588" daemon [_thread_in_native, id=6936, stack(0x00000000189b0000,0x0000000018ab0000)]
  0x000000001934a800 JavaThread "RMI TCP Accept-0" daemon [_thread_in_native, id=8344, stack(0x0000000019c70000,0x0000000019d70000)]
  0x0000000018fac000 JavaThread "Service Thread" daemon [_thread_blocked, id=9136, stack(0x0000000018660000,0x0000000018760000)]
  0x0000000017341000 JavaThread "C1 CompilerThread1" daemon [_thread_blocked, id=5912, stack(0x0000000018e60000,0x0000000018f60000)]
  0x0000000017336800 JavaThread "C2 CompilerThread0" daemon [_thread_blocked, id=10632, stack(0x0000000018d00000,0x0000000018e00000)]
  0x0000000017328800 JavaThread "JDWP Command Reader" daemon [_thread_in_native, id=10700, stack(0x0000000018b10000,0x0000000018c10000)]
  0x0000000017323000 JavaThread "JDWP Event Helper Thread" daemon [_thread_blocked, id=8260, stack(0x00000000188a0000,0x00000000189a0000)]
=>0x000000001731f000 JavaThread "JDWP Transport Listener: dt_socket" daemon [_thread_in_vm, id=11152, stack(0x0000000018770000,0x0000000018870000)]
  0x000000001730f000 JavaThread "Attach Listener" daemon [_thread_blocked, id=6812, stack(0x00000000181d0000,0x00000000182d0000)]
  0x000000001730e000 JavaThread "Signal Dispatcher" daemon [_thread_blocked, id=7188, stack(0x0000000017ff0000,0x00000000180f0000)]
  0x00000000172b0000 JavaThread "Finalizer" daemon [_thread_blocked, id=6212, stack(0x0000000017e40000,0x0000000017f40000)]
  0x00000000172a9000 JavaThread "Reference Handler" daemon [_thread_blocked, id=8996, stack(0x0000000017cf0000,0x0000000017df0000)]

Other Threads:
  0x00000000172a1000 VMThread [stack: 0x0000000017ba0000,0x0000000017ca0000] [id=9296]
  0x00000000193fb000 WatcherThread [stack: 0x000000001a0f0000,0x000000001a1f0000] [id=10200]

VM state:not at safepoint (normal execution)

VM Mutex/Monitor currently owned by a thread: None

Heap:
 PSYoungGen      total 177664K, used 84914K [0x0000000796300000, 0x00000007a5900000, 0x00000007c0000000)
  eden space 162304K, 42% used [0x0000000796300000,0x000000079a6f0880,0x00000007a0180000)
  from space 15360K, 99% used [0x00000007a0180000,0x00000007a107c180,0x00000007a1080000)
  to   space 17408K, 0% used [0x00000007a4800000,0x00000007a4800000,0x00000007a5900000)
 ParOldGen       total 92672K, used 23722K [0x0000000742800000, 0x0000000748280000, 0x0000000796300000)
  object space 92672K, 25% used [0x0000000742800000,0x0000000743f2ab98,0x0000000748280000)
 Metaspace       used 49289K, capacity 51616K, committed 51712K, reserved 1093632K
  class space    used 6694K, capacity 7107K, committed 7168K, reserved 1048576K

Card table byte_map: [0x0000000011c60000,0x0000000012050000] byte_map_base: 0x000000000e24c000

Marking Bits: (ParMarkBitMap*) 0x000000005eee4040
 Begin Bits: [0x00000000126c0000, 0x0000000014620000)
 End Bits:   [0x0000000014620000, 0x0000000016580000)

Polling page: 0x0000000001b80000

CodeCache: size=245760Kb used=8514Kb max_used=8601Kb free=237245Kb
 bounds [0x00000000028a0000, 0x0000000003110000, 0x00000000118a0000]
 total_blobs=4485 nmethods=3949 adapters=457
 compilation: enabled

Compilation events (10 events):
Event: 133.963 Thread 0x0000000017341000 4032   !   1       org.apache.tomcat.util.net.NioEndpoint$Poller::timeout (493 bytes)
Event: 133.965 Thread 0x0000000017341000 nmethod 4032 0x0000000002e5f450 code [0x0000000002e5f760, 0x0000000002e605d8]
Event: 135.534 Thread 0x0000000017341000 4033       1       org.apache.coyote.AbstractProtocol::access$100 (5 bytes)
Event: 135.534 Thread 0x0000000017341000 nmethod 4033 0x0000000002a19e10 code [0x0000000002a19f60, 0x0000000002a1a050]
Event: 135.534 Thread 0x0000000017341000 4034       1       org.apache.coyote.AbstractProtocol::access$200 (5 bytes)
Event: 135.534 Thread 0x0000000017341000 nmethod 4034 0x0000000002a19b50 code [0x0000000002a19ca0, 0x0000000002a19d90]
Event: 136.691 Thread 0x0000000017341000 4035       1       sun.nio.ch.SelectorImpl::keys (28 bytes)
Event: 136.692 Thread 0x0000000017341000 nmethod 4035 0x0000000002a196d0 code [0x0000000002a19840, 0x0000000002a19a18]
Event: 144.035 Thread 0x0000000017341000 4036       1       org.apache.catalina.valves.ValveBase::getNext (5 bytes)
Event: 144.035 Thread 0x0000000017341000 nmethod 4036 0x0000000002a19410 code [0x0000000002a19560, 0x0000000002a19670]

GC Heap History (10 events):
Event: 3.431 GC heap before
{Heap before GC invocations=7 (full 1):
 PSYoungGen      total 70656K, used 70428K [0x0000000796300000, 0x000000079dc80000, 0x00000007c0000000)
  eden space 65536K, 100% used [0x0000000796300000,0x000000079a300000,0x000000079a300000)
  from space 5120K, 95% used [0x000000079a300000,0x000000079a7c7398,0x000000079a800000)
  to   space 9216K, 0% used [0x000000079d380000,0x000000079d380000,0x000000079dc80000)
 ParOldGen       total 54272K, used 5868K [0x0000000742800000, 0x0000000745d00000, 0x0000000796300000)
  object space 54272K, 10% used [0x0000000742800000,0x0000000742dbb2b8,0x0000000745d00000)
 Metaspace       used 25974K, capacity 27306K, committed 27520K, reserved 1073152K
  class space    used 3586K, capacity 3882K, committed 3968K, reserved 1048576K
Event: 3.449 GC heap after
Heap after GC invocations=7 (full 1):
 PSYoungGen      total 112128K, used 7705K [0x0000000796300000, 0x000000079db80000, 0x00000007c0000000)
  eden space 103936K, 0% used [0x0000000796300000,0x0000000796300000,0x000000079c880000)
  from space 8192K, 94% used [0x000000079d380000,0x000000079db06698,0x000000079db80000)
  to   space 9728K, 0% used [0x000000079c880000,0x000000079c880000,0x000000079d200000)
 ParOldGen       total 54272K, used 5876K [0x0000000742800000, 0x0000000745d00000, 0x0000000796300000)
  object space 54272K, 10% used [0x0000000742800000,0x0000000742dbd2b8,0x0000000745d00000)
 Metaspace       used 25974K, capacity 27306K, committed 27520K, reserved 1073152K
  class space    used 3586K, capacity 3882K, committed 3968K, reserved 1048576K
}
Event: 4.698 GC heap before
{Heap before GC invocations=8 (full 1):
 PSYoungGen      total 112128K, used 111641K [0x0000000796300000, 0x000000079db80000, 0x00000007c0000000)
  eden space 103936K, 100% used [0x0000000796300000,0x000000079c880000,0x000000079c880000)
  from space 8192K, 94% used [0x000000079d380000,0x000000079db06698,0x000000079db80000)
  to   space 9728K, 0% used [0x000000079c880000,0x000000079c880000,0x000000079d200000)
 ParOldGen       total 54272K, used 5876K [0x0000000742800000, 0x0000000745d00000, 0x0000000796300000)
  object space 54272K, 10% used [0x0000000742800000,0x0000000742dbd2b8,0x0000000745d00000)
 Metaspace       used 33221K, capacity 34708K, committed 35072K, reserved 1079296K
  class space    used 4455K, capacity 4767K, committed 4864K, reserved 1048576K
Event: 4.737 GC heap after
Heap after GC invocations=8 (full 1):
 PSYoungGen      total 113664K, used 9707K [0x0000000796300000, 0x00000007a1f00000, 0x00000007c0000000)
  eden space 103936K, 0% used [0x0000000796300000,0x0000000796300000,0x000000079c880000)
  from space 9728K, 99% used [0x000000079c880000,0x000000079d1fad68,0x000000079d200000)
  to   space 14848K, 0% used [0x00000007a1080000,0x00000007a1080000,0x00000007a1f00000)
 ParOldGen       total 54272K, used 14376K [0x0000000742800000, 0x0000000745d00000, 0x0000000796300000)
  object space 54272K, 26% used [0x0000000742800000,0x000000074360a038,0x0000000745d00000)
 Metaspace       used 33221K, capacity 34708K, committed 35072K, reserved 1079296K
  class space    used 4455K, capacity 4767K, committed 4864K, reserved 1048576K
}
Event: 4.819 GC heap before
{Heap before GC invocations=9 (full 1):
 PSYoungGen      total 113664K, used 17386K [0x0000000796300000, 0x00000007a1f00000, 0x00000007c0000000)
  eden space 103936K, 7% used [0x0000000796300000,0x0000000796a7fda0,0x000000079c880000)
  from space 9728K, 99% used [0x000000079c880000,0x000000079d1fad68,0x000000079d200000)
  to   space 14848K, 0% used [0x00000007a1080000,0x00000007a1080000,0x00000007a1f00000)
 ParOldGen       total 54272K, used 14376K [0x0000000742800000, 0x0000000745d00000, 0x0000000796300000)
  object space 54272K, 26% used [0x0000000742800000,0x000000074360a038,0x0000000745d00000)
 Metaspace       used 33775K, capacity 35302K, committed 35496K, reserved 1079296K
  class space    used 4547K, capacity 4834K, committed 4864K, reserved 1048576K
Event: 4.840 GC heap after
Heap after GC invocations=9 (full 1):
 PSYoungGen      total 177152K, used 10401K [0x0000000796300000, 0x00000007a3180000, 0x00000007c0000000)
  eden space 162304K, 0% used [0x0000000796300000,0x0000000796300000,0x00000007a0180000)
  from space 14848K, 70% used [0x00000007a1080000,0x00000007a1aa84e0,0x00000007a1f00000)
  to   space 15360K, 0% used [0x00000007a0180000,0x00000007a0180000,0x00000007a1080000)
 ParOldGen       total 54272K, used 14376K [0x0000000742800000, 0x0000000745d00000, 0x0000000796300000)
  object space 54272K, 26% used [0x0000000742800000,0x000000074360a038,0x0000000745d00000)
 Metaspace       used 33775K, capacity 35302K, committed 35496K, reserved 1079296K
  class space    used 4547K, capacity 4834K, committed 4864K, reserved 1048576K
}
Event: 4.840 GC heap before
{Heap before GC invocations=10 (full 2):
 PSYoungGen      total 177152K, used 10401K [0x0000000796300000, 0x00000007a3180000, 0x00000007c0000000)
  eden space 162304K, 0% used [0x0000000796300000,0x0000000796300000,0x00000007a0180000)
  from space 14848K, 70% used [0x00000007a1080000,0x00000007a1aa84e0,0x00000007a1f00000)
  to   space 15360K, 0% used [0x00000007a0180000,0x00000007a0180000,0x00000007a1080000)
 ParOldGen       total 54272K, used 14376K [0x0000000742800000, 0x0000000745d00000, 0x0000000796300000)
  object space 54272K, 26% used [0x0000000742800000,0x000000074360a038,0x0000000745d00000)
 Metaspace       used 33775K, capacity 35302K, committed 35496K, reserved 1079296K
  class space    used 4547K, capacity 4834K, committed 4864K, reserved 1048576K
Event: 5.038 GC heap after
Heap after GC invocations=10 (full 2):
 PSYoungGen      total 177152K, used 0K [0x0000000796300000, 0x00000007a3180000, 0x00000007c0000000)
  eden space 162304K, 0% used [0x0000000796300000,0x0000000796300000,0x00000007a0180000)
  from space 14848K, 0% used [0x00000007a1080000,0x00000007a1080000,0x00000007a1f00000)
  to   space 15360K, 0% used [0x00000007a0180000,0x00000007a0180000,0x00000007a1080000)
 ParOldGen       total 92672K, used 23683K [0x0000000742800000, 0x0000000748280000, 0x0000000796300000)
  object space 92672K, 25% used [0x0000000742800000,0x0000000743f20e08,0x0000000748280000)
 Metaspace       used 33775K, capacity 35302K, committed 35496K, reserved 1079296K
  class space    used 4547K, capacity 4834K, committed 4864K, reserved 1048576K
}
Event: 7.030 GC heap before
{Heap before GC invocations=11 (full 2):
 PSYoungGen      total 177152K, used 162304K [0x0000000796300000, 0x00000007a3180000, 0x00000007c0000000)
  eden space 162304K, 100% used [0x0000000796300000,0x00000007a0180000,0x00000007a0180000)
  from space 14848K, 0% used [0x00000007a1080000,0x00000007a1080000,0x00000007a1f00000)
  to   space 15360K, 0% used [0x00000007a0180000,0x00000007a0180000,0x00000007a1080000)
 ParOldGen       total 92672K, used 23683K [0x0000000742800000, 0x0000000748280000, 0x0000000796300000)
  object space 92672K, 25% used [0x0000000742800000,0x0000000743f20e08,0x0000000748280000)
 Metaspace       used 44627K, capacity 46766K, committed 46976K, reserved 1089536K
  class space    used 6100K, capacity 6508K, committed 6528K, reserved 1048576K
Event: 7.060 GC heap after
Heap after GC invocations=11 (full 2):
 PSYoungGen      total 177664K, used 15344K [0x0000000796300000, 0x00000007a5900000, 0x00000007c0000000)
  eden space 162304K, 0% used [0x0000000796300000,0x0000000796300000,0x00000007a0180000)
  from space 15360K, 99% used [0x00000007a0180000,0x00000007a107c180,0x00000007a1080000)
  to   space 17408K, 0% used [0x00000007a4800000,0x00000007a4800000,0x00000007a5900000)
 ParOldGen       total 92672K, used 23722K [0x0000000742800000, 0x0000000748280000, 0x0000000796300000)
  object space 92672K, 25% used [0x0000000742800000,0x0000000743f2ab98,0x0000000748280000)
 Metaspace       used 44627K, capacity 46766K, committed 46976K, reserved 1089536K
  class space    used 6100K, capacity 6508K, committed 6528K, reserved 1048576K
}

Deoptimization events (0 events):
No events

Internal exceptions (10 events):
Event: 65.039 Thread 0x0000000018fcf000 Exception <a 'java/lang/ClassNotFoundException': java/lang/ObjectCustomizer> (0x0000000798cd3700) thrown at [C:\re\workspace\8-2-build-windows-amd64-cygwin\jdk8u51\3951\hotspot\src\share\vm\classfile\systemDictionary.cpp, line 210]
Event: 65.042 Thread 0x0000000018fcf000 Exception <a 'java/lang/ClassNotFoundException': org/springframework/web/servlet/support/AbstractFlashMapManagerCustomizer> (0x0000000798cebe88) thrown at [C:\re\workspace\8-2-build-windows-amd64-cygwin\jdk8u51\3951\hotspot\src\share\vm\classfile\systemDicsq¨…BP@
Event: 65.044 Thread 0x0000000018fcf000 Exception <a 'java/lang/ClassNotFoundException': org/springframework/web/servlet/support/SessionFlashMapManagerCustomizer> (0x0000000798d08608) thrown at [C:\re\workspace\8-2-build-windows-amd64-cygwin\jdk8u51\3951\hotspot\src\share\vm\classfile\systemDictçñ~¸ÁBP@
Event: 65.045 Thread 0x0000000018fcf000 Exception <a 'java/lang/ClassNotFoundException': org/springframework/web/servlet/FlashMapManagerCustomizer> (0x0000000798d1d360) thrown at [C:\re\workspace\8-2-build-windows-amd64-cygwin\jdk8u51\3951\hotspot\src\share\vm\classfile\systemDictionary.cpp, linE∆¿∂ùQ@
Event: 70.454 Thread 0x0000000018fcf000 Exception <a 'java/lang/ArrayIndexOutOfBoundsException'> (0x0000000799279580) thrown at [C:\re\workspace\8-2-build-windows-amd64-cygwin\jdk8u51\3951\hotspot\src\share\vm\runtime\sharedRuntime.cpp, line 605]
Event: 71.584 Thread 0x0000000018fcf000 Exception <a 'java/lang/ArrayIndexOutOfBoundsException'> (0x0000000799eb6e90) thrown at [C:\re\workspace\8-2-build-windows-amd64-cygwin\jdk8u51\3951\hotspot\src\share\vm\runtime\sharedRuntime.cpp, line 605]
Event: 71.584 Thread 0x0000000018fcf000 Exception <a 'java/lang/ArrayIndexOutOfBoundsException'> (0x0000000799eb8330) thrown at [C:\re\workspace\8-2-build-windows-amd64-cygwin\jdk8u51\3951\hotspot\src\share\vm\runtime\sharedRuntime.cpp, line 605]
Event: 71.585 Thread 0x0000000018fcf000 Exception <a 'java/lang/ArrayIndexOutOfBoundsException'> (0x0000000799ec0428) thrown at [C:\re\workspace\8-2-build-windows-amd64-cygwin\jdk8u51\3951\hotspot\src\share\vm\runtime\sharedRuntime.cpp, line 605]
Event: 71.585 Thread 0x0000000018fcf000 Exception <a 'java/lang/ArrayIndexOutOfBoundsException'> (0x0000000799ec1c00) thrown at [C:\re\workspace\8-2-build-windows-amd64-cygwin\jdk8u51\3951\hotspot\src\share\vm\runtime\sharedRuntime.cpp, line 605]
Event: 71.586 Thread 0x0000000018fcf000 Exception <a 'java/lang/ArrayIndexOutOfBoundsException'> (0x0000000799ec8830) thrown at [C:\re\workspace\8-2-build-windows-amd64-cygwin\jdk8u51\3951\hotspot\src\share\vm\runtime\sharedRuntime.cpp, line 605]

Events (10 events):
Event: 71.690 Thread 0x0000000017341000 flushing nmethod 0x0000000002f56950
Event: 74.032 Thread 0x0000000017341000 flushing nmethod 0x0000000003059f90
Event: 132.691 loading class java/net/SocketTimeoutException
Event: 132.691 loading class java/io/InterruptedIOException
Event: 132.691 loading class java/io/InterruptedIOException done
Event: 132.691 loading class java/net/SocketTimeoutException done
Event: 132.692 Executing VM operation: RevokeBias
Event: 132.692 Executing VM operation: RevokeBias done
Event: 146.206 Executing VM operation: RedefineClasses
Event: 146.233 Executing VM operation: RedefineClasses done


Dynamic libraries:
0x000000013f180000 - 0x000000013f1b7000 	C:\Program Files\Java\jre1.8.0_51\bin\javaw.exe
0x00000000779b0000 - 0x0000000077b4f000 	C:\Windows\SYSTEM32\ntdll.dll
0x00000000775e0000 - 0x00000000776ff000 	C:\Windows\system32\kernel32.dll
0x000007fefded0000 - 0x000007fefdf3a000 	C:\Windows\system32\KERNELBASE.dll
0x000007feffa80000 - 0x000007feffb5b000 	C:\Windows\system32\ADVAPI32.dll
0x000007feff8d0000 - 0x000007feff96f000 	C:\Windows\system32\msvcrt.dll
0x000007feffb60000 - 0x000007feffb7f000 	C:\Windows\SYSTEM32\sechost.dll
0x000007fefe600000 - 0x000007fefe72d000 	C:\Windows\system32\RPCRT4.dll
0x00000000774e0000 - 0x00000000775da000 	C:\Windows\system32\USER32.dll
0x000007fefe9f0000 - 0x000007fefea57000 	C:\Windows\system32\GDI32.dll
0x000007fefe540000 - 0x000007fefe54e000 	C:\Windows\system32\LPK.dll
0x000007feffbb0000 - 0x000007feffc7b000 	C:\Windows\system32\USP10.dll
0x000007fefc7c0000 - 0x000007fefc9b4000 	C:\Windows\WinSxS\amd64_microsoft.windows.common-controls_6595b64144ccf1df_6.0.7601.17514_none_fa396087175ac9ac\COMCTL32.dll
0x000007fefea60000 - 0x000007fefead1000 	C:\Windows\system32\SHLWAPI.dll
0x000007feffb80000 - 0x000007feffbae000 	C:\Windows\system32\IMM32.DLL
0x000007feff970000 - 0x000007feffa79000 	C:\Windows\system32\MSCTF.dll
0x000007fef58e0000 - 0x000007fef598f000 	C:\Program Files\McAfee\Endpoint Security\Threat Prevention\Ips\EpMPApi.dll
0x000007fefe190000 - 0x000007fefe1cb000 	C:\Windows\system32\WINTRUST.dll
0x000007fefdfe0000 - 0x000007fefe14d000 	C:\Windows\system32\CRYPT32.dll
0x000007fefdea0000 - 0x000007fefdeaf000 	C:\Windows\system32\MSASN1.dll
0x0000000071c80000 - 0x0000000071c8c000 	C:\Program Files\McAfee\Endpoint Security\Threat Prevention\Ips\EpMPThe.dll
0x00000000632d0000 - 0x00000000633a2000 	C:\Program Files\Java\jre1.8.0_51\bin\msvcr100.dll
0x000000005e6e0000 - 0x000000005ef63000 	C:\Program Files\Java\jre1.8.0_51\bin\server\jvm.dll
0x000007fef8fb0000 - 0x000007fef8fb9000 	C:\Windows\system32\WSOCK32.dll
0x000007fefe4f0000 - 0x000007fefe53d000 	C:\Windows\system32\WS2_32.dll
0x000007fefe5f0000 - 0x000007fefe5f8000 	C:\Windows\system32\NSI.dll
0x000007fefb950000 - 0x000007fefb98b000 	C:\Windows\system32\WINMM.dll
0x000007fefd0a0000 - 0x000007fefd0ac000 	C:\Windows\system32\VERSION.dll
0x0000000077b50000 - 0x0000000077b57000 	C:\Windows\system32\PSAPI.DLL
0x0000000074160000 - 0x000000007416f000 	C:\Program Files\Java\jre1.8.0_51\bin\verify.dll
0x000000006f690000 - 0x000000006f6b9000 	C:\Program Files\Java\jre1.8.0_51\bin\java.dll
0x0000000073830000 - 0x0000000073865000 	C:\Program Files\Java\jre1.8.0_51\bin\jdwp.dll
0x0000000074170000 - 0x0000000074178000 	C:\Program Files\Java\jre1.8.0_51\bin\npt.dll
0x0000000072280000 - 0x0000000072296000 	C:\Program Files\Java\jre1.8.0_51\bin\zip.dll
0x000007fefeae0000 - 0x000007feff86b000 	C:\Windows\system32\SHELL32.dll
0x000007fefe270000 - 0x000007fefe46d000 	C:\Windows\system32\ole32.dll
0x000007fefde00000 - 0x000007fefde0f000 	C:\Windows\system32\profapi.dll
0x0000000073970000 - 0x0000000073979000 	C:\Program Files\Java\jre1.8.0_51\bin\dt_socket.dll
0x000007fefbb50000 - 0x000007fefbb65000 	C:\Windows\system32\NLAapi.dll
0x000007fefac60000 - 0x000007fefac75000 	C:\Windows\system32\napinsp.dll
0x000007fefac80000 - 0x000007fefac99000 	C:\Windows\system32\pnrpnsp.dll
0x000007fefd620000 - 0x000007fefd675000 	C:\Windows\System32\mswsock.dll
0x000007fefd4a0000 - 0x000007fefd4fb000 	C:\Windows\system32\DNSAPI.dll
0x000007fefac50000 - 0x000007fefac5b000 	C:\Windows\System32\winrnr.dll
0x00000000122f0000 - 0x0000000012324000 	C:\Windows\system32\vFVPNActNsp.dll
0x00000000024b0000 - 0x00000000024ce000 	C:\Windows\system32\vFVPNNspSd.dll
0x000007fefb2d0000 - 0x000007fefb2f7000 	C:\Windows\system32\Iphlpapi.DLL
0x000007fefb2c0000 - 0x000007fefb2cb000 	C:\Windows\system32\WINNSI.DLL
0x000007fefb180000 - 0x000007fefb1d3000 	C:\Windows\System32\fwpuclnt.dll
0x000007fefacd0000 - 0x000007fefacd8000 	C:\Windows\system32\rasadhlp.dll
0x000007fefcc90000 - 0x000007fefcc97000 	C:\Windows\System32\wshtcpip.dll
0x0000000072270000 - 0x000000007227d000 	C:\Program Files\Java\jre1.8.0_51\bin\management.dll
0x0000000072230000 - 0x000000007224a000 	C:\Program Files\Java\jre1.8.0_51\bin\net.dll
0x000007fefd610000 - 0x000007fefd617000 	C:\Windows\System32\wship6.dll
0x0000000070100000 - 0x0000000070111000 	C:\Program Files\Java\jre1.8.0_51\bin\nio.dll
0x000007fefd680000 - 0x000007fefd698000 	C:\Windows\system32\CRYPTSP.dll
0x000007fefd380000 - 0x000007fefd3c7000 	C:\Windows\system32\rsaenh.dll
0x000007fefcdb0000 - 0x000007fefcdce000 	C:\Windows\system32\USERENV.dll
0x000007fefdd30000 - 0x000007fefdd3f000 	C:\Windows\system32\CRYPTBASE.dll
0x000007fefb150000 - 0x000007fefb161000 	C:\Windows\system32\dhcpcsvc6.DLL
0x000007fefb130000 - 0x000007fefb148000 	C:\Windows\system32\dhcpcsvc.DLL
0x000007fef7ad0000 - 0x000007fef7bf5000 	C:\Windows\system32\dbghelp.dll

VM Arguments:
jvm_args: -agentlib:jdwp=transport=dt_socket,suspend=y,address=localhost:55589 -Dcom.sun.management.jmxremote -Dcom.sun.management.jmxremote.port=55588 -Dcom.sun.management.jmxremote.authenticate=false -Dcom.sun.management.jmxremote.ssl=false -Djava.rmi.server.hostname=localhost -Dspring.liveBeansView.mbeanDomain -Dspring.application.admin.enabled=true -Xverify:none -XX:TieredStopAtLevel=1 -Dfile.encoding=UTF-8 
java_command: com.rahul.demo.SpringbootrestApplication --spring.output.ansi.enabled=always
java_class_path (initial): D:\SpringBootWorkspace\springbootrest\target\classes;C:\Users\fwin01617\.m2\repository\javax\ws\rs\javax.ws.rs-api\2.0.1\javax.ws.rs-api-2.0.1.jar;C:\Users\fwin01617\.m2\repository\org\springframework\boot\spring-boot-starter-web\2.0.6.RELEASE\spring-boot-starter-web-2.0.6.RELEASE.jar;C:\Users\fwin01617\.m2\repository\org\springframework\boot\spring-boot-starter\2.0.6.RELEASE\spring-boot-starter-2.0.6.RELEASE.jar;C:\Users\fwin01617\.m2\repository\org\springframework\boot\spring-boot\2.0.6.RELEASE\spring-boot-2.0.6.RELEASE.jar;C:\Users\fwin01617\.m2\repository\org\springframework\boot\spring-boot-autoconfigure\2.0.6.RELEASE\spring-boot-autoconfigure-2.0.6.RELEASE.jar;C:\Users\fwin01617\.m2\repository\org\springframework\boot\spring-boot-starter-logging\2.0.6.RELEASE\spring-boot-starter-logging-2.0.6.RELEASE.jar;C:\Users\fwin01617\.m2\repository\ch\qos\logback\logback-classic\1.2.3\logback-classic-1.2.3.jar;C:\Users\fwin01617\.m2\repository\ch\qos\logback\logback-core\1.2.3\logback-core-1.2.3.jar;C:\Users\fwin01617\.m2\repository\org\apache\logging\log4j\log4j-to-slf4j\2.10.0\log4j-to-slf4j-2.10.0.jar;C:\Users\fwin01617\.m2\repository\org\apache\logging\log4j\log4j-api\2.10.0\log4j-api-2.10.0.jar;C:\Users\fwin01617\.m2\repository\org\slf4j\jul-to-slf4j\1.7.25\jul-to-slf4j-1.7.25.jar;C:\Users\fwin01617\.m2\repository\javax\annotation\javax.annotation-api\1.3.2\javax.annotation-api-1.3.2.jar;C:\Users\fwin01617\.m2\repository\org\yaml\snakeyaml\1.19\snakeyaml-1.19.jar;C:\Users\fwin01617\.m2\repository\org\springframework\boot\spring-boot-starter-json\2.0.6.RELEASE\spring-boot-starter-json-2.0.6.RELEASE.jar;C:\Users\fwin01617\.m2\repository\com\fasterxml\jackson\core\jackson-databind\2.9.7\jackson-databind-2.9.7.jar;C:\Users\fwin01617\.m2\repository\com\fasterxml\jackson\core\jackson-annotations\2.9.0\jackson-annotations-2.9.0.jar;C:\Users\fwin01617\.m2\repository\com\fasterxml\jackson\core\jackson-core\2.9.7\jackson-core-2.9.7.jar;C:\Users\fw
Launcher Type: SUN_STANDARD

Environment Variables:
JAVA_HOME=C:\Program Files\Java\jdk1.8.0_51
CLASSPATH=.;C:\Program Files\Java\jdk1.8.0_51\bin
PATH=C:/Program Files/Java/jre1.8.0_51/bin/server;C:/Program Files/Java/jre1.8.0_51/bin;C:/Program Files/Java/jre1.8.0_51/lib/amd64;C:\ProgramData\Oracle\Java\javapath;C:\Windows\system32;C:\Windows;C:\Windows\System32\Wbem;C:\Windows\System32\WindowsPowerShell\v1.0\;C:\Program Files (x86)\QuickTime\QTSystem\;C:\Program Files\TortoiseSVN\bin;C:\Program Files\Microsoft SQL Server\110\Tools\Binn\;C:\Program Files (x86)\Microsoft SQL Server\110\Tools\Binn\ManagementStudio\;C:\Program Files (x86)\Microsoft SQL Server\110\Tools\Binn\;C:\Program Files (x86)\Microsoft SQL Server\110\DTS\Binn\;C:\Program Files\Java\jdk1.8.0_51\bin;C:\Program Files (x86)\Skype\Phone\;C:\Program Files\nodejs\;C:\Program Files\Apache Software Foundation\apache-maven-3.5.3\bin;C:\Program Files (x86)\Git\cmd;C:\Program Files (x86)\Microsoft SQL Server\100\Tools\Binn\;C:\Program Files\Microsoft SQL Server\100\Tools\Binn\;C:\Program Files\Microsoft SQL Server\100\DTS\Binn\;C:\Program Files\MySQL\MySQL Server 5.0\bin\bin\bin;C:\Program Files\PuTTY\;C:\Users\fwin01617\AppData\Roaming\npm;C:\Program Files\Microsoft VS Code\bin;C:\Program Files\Docker Toolbox;D:\sts-bundle\sts-3.9.6.RELEASE;
USERNAME=FWIN01617
OS=Windows_NT
PROCESSOR_IDENTIFIER=Intel64 Family 6 Model 23 Stepping 10, GenuineIntel



---------------  S Y S T E M  ---------------

OS: Windows 7 , 64 bit Build 7601 (6.1.7601.24094)

CPU:total 2 (2 cores per cpu, 1 threads per core) family 6 model 23 stepping 10, cmov, cx8, fxsr, mmx, sse, sse2, sse3, ssse3, sse4.1, tsc

Memory: 4k page, physical 8220276k(1324456k free), swap 16438676k(6480108k free)

vm_info: Java HotSpot(TM) 64-Bit Server VM (25.51-b03) for windows-amd64 JRE (1.8.0_51-b16), built on Jun  8 2015 18:03:07 by "java_re" with MS VC++ 10.0 (VS2010)

time: Thu Oct 25 11:13:15 2018
elapsed time: 146 seconds (0d 0h 2m 26s)

